<?xml version="1.0" encoding="UTF-8"?>
<!-- Generated by org.testng.reporters.JUnitReportReporter -->
<testsuite hostname="LAPTOP-3PBEUFOV" failures="0" tests="3" name="testngdisscussion.TestCase" time="0.014" errors="0" timestamp="2021-12-21T10:19:37 IST" skipped="0">
  <testcase classname="testngdisscussion.TestCase" name="home" time="0.001"/>
  <system-out/>
  <testcase classname="testngdisscussion.TestCase" name="a" time="0.012"/>
  <system-out/>
  <testcase classname="testngdisscussion.TestCase" name="loginTest" time="0.001"/>
  <system-out/>
</testsuite> <!-- testngdisscussion.TestCase -->
