<?xml version="1.0" encoding="UTF-8"?>
<!-- Generated by org.testng.reporters.JUnitReportReporter -->
<testsuite hostname="LAPTOP-3PBEUFOV" failures="0" tests="1" name="testngdisscussion.AssertionUsage" time="28.061" errors="0" timestamp="2021-12-30T20:46:47 IST" skipped="0">
  <testcase classname="testngdisscussion.AssertionUsage" name="validateErrorMessage" time="28.061"/>
  <system-out/>
</testsuite> <!-- testngdisscussion.AssertionUsage -->
