<?xml version="1.0" encoding="UTF-8"?>
<!-- Generated by org.testng.reporters.JUnitReportReporter -->
<testsuite hostname="LAPTOP-3PBEUFOV" failures="0" tests="2" name="testngdisscussion.ParallelTestTagExecution1" time="0.018" errors="0" timestamp="2022-01-07T12:27:44 IST" skipped="0">
  <testcase classname="testngdisscussion.ParallelTestTagExecution1" name="navToGoogle" time="0.015"/>
  <system-out/>
  <testcase classname="testngdisscussion.ParallelTestTagExecution1" name="profile" time="0.003"/>
  <system-out/>
</testsuite> <!-- testngdisscussion.ParallelTestTagExecution1 -->
