<?xml version="1.0" encoding="UTF-8"?>
<!-- Generated by org.testng.reporters.JUnitReportReporter -->
<testsuite hostname="LAPTOP-3PBEUFOV" failures="0" tests="4" name="testngdisscussion.GroupingOfTestCases" time="0.016" errors="0" timestamp="2021-12-28T18:02:33 IST" skipped="0">
  <testcase classname="testngdisscussion.GroupingOfTestCases" name="login" time="0.012"/>
  <system-out/>
  <testcase classname="testngdisscussion.GroupingOfTestCases" name="checkBox" time="0.002"/>
  <system-out/>
  <testcase classname="testngdisscussion.GroupingOfTestCases" name="logoff" time="0.001"/>
  <system-out/>
  <testcase classname="testngdisscussion.GroupingOfTestCases" name="home" time="0.001"/>
  <system-out/>
</testsuite> <!-- testngdisscussion.GroupingOfTestCases -->
