<?xml version="1.0" encoding="UTF-8"?>
<!-- Generated by org.testng.reporters.JUnitReportReporter -->
<testsuite hostname="LAPTOP-3PBEUFOV" failures="0" tests="5" name="testngdisscussion.InvocationCountKeyword" time="0.011" errors="0" timestamp="2021-12-29T22:44:25 IST" skipped="0">
  <testcase classname="testngdisscussion.InvocationCountKeyword" name="testCase1" time="0.002"/>
  <system-out/>
  <testcase classname="testngdisscussion.InvocationCountKeyword" name="testCase1" time="0.002"/>
  <system-out/>
  <testcase classname="testngdisscussion.InvocationCountKeyword" name="testCase1" time="0.002"/>
  <system-out/>
  <testcase classname="testngdisscussion.InvocationCountKeyword" name="testCase1" time="0.002"/>
  <system-out/>
  <testcase classname="testngdisscussion.InvocationCountKeyword" name="testCase1" time="0.003"/>
  <system-out/>
</testsuite> <!-- testngdisscussion.InvocationCountKeyword -->
