<?xml version="1.0" encoding="UTF-8"?>
<!-- Generated by org.testng.reporters.JUnitReportReporter -->
<testsuite hostname="LAPTOP-3PBEUFOV" failures="0" tests="2" name="testngdisscussion.ParallelTestCLASS2Execution" time="56.307" errors="0" timestamp="2022-01-07T12:06:33 IST" skipped="0">
  <testcase classname="testngdisscussion.ParallelTestCLASS2Execution" name="Editprofile" time="0.011"/>
  <system-out/>
  <testcase classname="testngdisscussion.ParallelTestCLASS2Execution" name="navToOrangeHRM" time="56.296"/>
  <system-out/>
</testsuite> <!-- testngdisscussion.ParallelTestCLASS2Execution -->
