<?xml version="1.0" encoding="UTF-8"?>
<!-- Generated by org.testng.reporters.JUnitReportReporter -->
<testsuite hostname="LAPTOP-3PBEUFOV" failures="0" tests="2" name="testngdisscussion.Annotations" time="0.010" errors="0" timestamp="2021-12-28T04:51:54 IST" skipped="0">
  <testcase classname="testngdisscussion.Annotations" name="testCase1" time="0.008"/>
  <system-out/>
  <testcase classname="testngdisscussion.Annotations" name="testCase2" time="0.002"/>
  <system-out/>
</testsuite> <!-- testngdisscussion.Annotations -->
