<?xml version="1.0" encoding="UTF-8"?>
<!-- Generated by org.testng.reporters.JUnitReportReporter -->
<testsuite hostname="LAPTOP-3PBEUFOV" failures="0" tests="2" name="testngdisscussion.TestClass1" time="0.010" errors="0" timestamp="2022-01-15T10:47:24 IST" skipped="0">
  <testcase classname="testngdisscussion.TestClass1" name="loginWithCorrectCredentials" time="0.009"/>
  <system-out>
    <![CDATA[login With Correct Credentials test case]]>
  </system-out>
  <testcase classname="testngdisscussion.TestClass1" name="loginWithIncorrectCredentials" time="0.001"/>
  <system-out>
    <![CDATA[login With Incorrect Credentials test case]]>
  </system-out>
</testsuite> <!-- testngdisscussion.TestClass1 -->
