<?xml version="1.0" encoding="UTF-8"?>
<!-- Generated by org.testng.reporters.JUnitReportReporter -->
<testsuite hostname="LAPTOP-3PBEUFOV" failures="0" tests="2" name="testngdisscussion.Annotations2" time="0.004" errors="0" timestamp="2021-12-28T04:51:54 IST" skipped="0">
  <testcase classname="testngdisscussion.Annotations2" name="testCase3" time="0.003"/>
  <system-out/>
  <testcase classname="testngdisscussion.Annotations2" name="testCase4" time="0.001"/>
  <system-out/>
</testsuite> <!-- testngdisscussion.Annotations2 -->
