<?xml version="1.0" encoding="UTF-8"?>
<!-- Generated by org.testng.reporters.JUnitReportReporter -->
<testsuite hostname="LAPTOP-3PBEUFOV" failures="0" tests="1" name="testngdisscussion.ParametersInTestNG2" time="24.633" errors="0" timestamp="2022-01-04T05:55:02 IST" skipped="0">
  <testcase classname="testngdisscussion.ParametersInTestNG2" name="launchFacebook" time="24.633"/>
  <system-out/>
</testsuite> <!-- testngdisscussion.ParametersInTestNG2 -->
