<?xml version="1.0" encoding="UTF-8"?>
<!-- Generated by org.testng.reporters.JUnitReportReporter -->
<testsuite hostname="LAPTOP-3PBEUFOV" failures="0" tests="2" name="pomtest.LoginTest" time="3.740" errors="0" timestamp="2022-01-13T10:00:07 IST" skipped="0">
  <testcase classname="pomtest.LoginTest" name="loginToApp" time="1.283"/>
  <system-out/>
  <testcase classname="pomtest.LoginTest" name="validatePage" time="2.457"/>
  <system-out/>
</testsuite> <!-- pomtest.LoginTest -->
