<?xml version="1.0" encoding="UTF-8"?>
<!-- Generated by org.testng.reporters.JUnitReportReporter -->
<testsuite hostname="LAPTOP-3PBEUFOV" failures="0" tests="2" name="testngdisscussion.ParallelTestTagExecution3" time="0.020" errors="0" timestamp="2022-01-07T12:27:44 IST" skipped="0">
  <testcase classname="testngdisscussion.ParallelTestTagExecution3" name="dashboard" time="0.015"/>
  <system-out/>
  <testcase classname="testngdisscussion.ParallelTestTagExecution3" name="navToFlipkart" time="0.005"/>
  <system-out/>
</testsuite> <!-- testngdisscussion.ParallelTestTagExecution3 -->
