<?xml version="1.0" encoding="UTF-8"?>
<!-- Generated by org.testng.reporters.JUnitReportReporter -->
<testsuite hostname="LAPTOP-3PBEUFOV" failures="0" tests="2" name="testngdisscussion.DependsOnMethod" time="0.012" errors="0" timestamp="2021-12-29T13:17:54 IST" skipped="0">
  <testcase classname="testngdisscussion.DependsOnMethod" name="login" time="0.011"/>
  <system-out/>
  <testcase classname="testngdisscussion.DependsOnMethod" name="logoff" time="0.001"/>
  <system-out/>
</testsuite> <!-- testngdisscussion.DependsOnMethod -->
