<?xml version="1.0" encoding="UTF-8"?>
<!-- Generated by org.testng.reporters.JUnitReportReporter -->
<testsuite hostname="LAPTOP-3PBEUFOV" failures="0" tests="2" name="testngdisscussion.ParallelTestCLASS1Execution" time="49.244" errors="0" timestamp="2022-01-07T12:06:33 IST" skipped="0">
  <testcase classname="testngdisscussion.ParallelTestCLASS1Execution" name="profile" time="0.003"/>
  <system-out/>
  <testcase classname="testngdisscussion.ParallelTestCLASS1Execution" name="navToGoogle" time="49.241"/>
  <system-out/>
</testsuite> <!-- testngdisscussion.ParallelTestCLASS1Execution -->
