<?xml version="1.0" encoding="UTF-8"?>
<!-- Generated by org.testng.reporters.JUnitReportReporter -->
<testsuite hostname="LAPTOP-3PBEUFOV" failures="0" tests="1" name="testngdisscussion.AnnotationActualUsage" time="0.003" errors="0" timestamp="2021-12-29T23:39:38 IST" skipped="0">
  <testcase classname="testngdisscussion.AnnotationActualUsage" name="testCase" time="0.003"/>
  <system-out/>
</testsuite> <!-- testngdisscussion.AnnotationActualUsage -->
