<?xml version="1.0" encoding="UTF-8"?>
<!-- Generated by org.testng.reporters.JUnitReportReporter -->
<testsuite hostname="LAPTOP-3PBEUFOV" failures="0" tests="1" name="testngdisscussion.InclusionAndExclusionTestCases" time="0.006" errors="0" timestamp="2022-01-15T20:11:22 IST" skipped="0">
  <testcase classname="testngdisscussion.InclusionAndExclusionTestCases" name="home" time="0.006"/>
  <system-out/>
</testsuite> <!-- testngdisscussion.InclusionAndExclusionTestCases -->
