<?xml version="1.0" encoding="UTF-8"?>
<!-- Generated by org.testng.reporters.JUnitReportReporter -->
<testsuite hostname="LAPTOP-3PBEUFOV" failures="0" tests="5" name="testngdisscussion.EnabledKeyword" time="0.021" errors="0" timestamp="2021-12-23T06:02:48 IST" skipped="1">
  <testcase classname="testngdisscussion.EnabledKeyword" name="logOut" time="0.017"/>
  <system-out>
    <![CDATA[LOGUT test case]]>
  </system-out>
  <testcase classname="testngdisscussion.EnabledKeyword" name="profile" time="0.001"/>
  <system-out>
    <![CDATA[profile test case]]>
  </system-out>
  <testcase classname="testngdisscussion.EnabledKeyword" name="home" time="0.002"/>
  <system-out>
    <![CDATA[HOME test case]]>
  </system-out>
  <testcase classname="testngdisscussion.EnabledKeyword" name="dashBoard" time="0.001"/>
  <system-out>
    <![CDATA[DASHBOARD test case]]>
  </system-out>
  <testcase classname="testngdisscussion.EnabledKeyword" name="loginTest">
    <skipped/>
  </testcase> <!-- loginTest -->
  <system-out/>
</testsuite> <!-- testngdisscussion.EnabledKeyword -->
