<?xml version="1.0" encoding="UTF-8"?>
<!-- Generated by org.testng.reporters.JUnitReportReporter -->
<testsuite hostname="LAPTOP-3PBEUFOV" failures="0" tests="2" name="testngdisscussion.GroupingOfTestCases2" time="0.007" errors="0" timestamp="2021-12-28T18:02:33 IST" skipped="0">
  <testcase classname="testngdisscussion.GroupingOfTestCases2" name="viewProfile" time="0.005"/>
  <system-out/>
  <testcase classname="testngdisscussion.GroupingOfTestCases2" name="uploadImage" time="0.002"/>
  <system-out/>
</testsuite> <!-- testngdisscussion.GroupingOfTestCases2 -->
