<?xml version="1.0" encoding="UTF-8"?>
<!-- Generated by org.testng.reporters.JUnitReportReporter -->
<testsuite hostname="LAPTOP-3PBEUFOV" failures="0" tests="1" name="testngdisscussion.TestCasesForFailedEcecution" time="0.000" errors="0" timestamp="2022-01-01T06:55:09 IST" skipped="1">
  <testcase classname="testngdisscussion.TestCasesForFailedEcecution" name="loginTest" time="0.000">
    <skipped/>
  </testcase> <!-- loginTest -->
  <system-out/>
</testsuite> <!-- testngdisscussion.TestCasesForFailedEcecution -->
