<?xml version="1.0" encoding="UTF-8"?>
<!-- Generated by org.testng.reporters.JUnitReportReporter -->
<testsuite hostname="LAPTOP-3PBEUFOV" failures="0" tests="2" name="testngdisscussion.ParametersInTestNG" time="26.261" errors="0" timestamp="2022-01-04T05:30:31 IST" skipped="0">
  <testcase classname="testngdisscussion.ParametersInTestNG" name="launchFacebook" time="26.250"/>
  <system-out/>
  <testcase classname="testngdisscussion.ParametersInTestNG" name="builfInfo" time="0.011"/>
  <system-out/>
</testsuite> <!-- testngdisscussion.ParametersInTestNG -->
