<?xml version="1.0" encoding="UTF-8"?>
<!-- Generated by org.testng.reporters.JUnitReportReporter -->
<testsuite hostname="LAPTOP-3PBEUFOV" failures="0" tests="2" name="testngdisscussion.ParallelExecution" time="94.725" errors="0" timestamp="2022-01-09T15:01:05 IST" skipped="0">
  <testcase classname="testngdisscussion.ParallelExecution" name="validateUrl" time="73.200"/>
  <system-out/>
  <testcase classname="testngdisscussion.ParallelExecution" name="validateUrl" time="21.525"/>
  <system-out/>
</testsuite> <!-- testngdisscussion.ParallelExecution -->
