<?xml version="1.0" encoding="UTF-8"?>
<!-- Generated by org.testng.reporters.JUnitReportReporter -->
<testsuite hostname="LAPTOP-3PBEUFOV" failures="0" tests="2" name="testngdisscussion.TestClass2" time="0.002" errors="0" timestamp="2022-01-15T10:47:24 IST" skipped="0">
  <testcase classname="testngdisscussion.TestClass2" name="urlValidation" time="0.001"/>
  <system-out>
    <![CDATA[url  Validation of home page]]>
  </system-out>
  <testcase classname="testngdisscussion.TestClass2" name="profileSection" time="0.001"/>
  <system-out>
    <![CDATA[profile Section of home page]]>
  </system-out>
</testsuite> <!-- testngdisscussion.TestClass2 -->
